{"/Users/willchen/prep/underdash/underdash.js":{"path":"/Users/willchen/prep/underdash/underdash.js","s":{"1":1,"2":1,"3":1,"4":74,"5":40,"6":34,"7":34,"8":1,"9":40,"10":105,"11":40,"12":1,"13":34,"14":70,"15":34,"16":1,"17":3,"18":3,"19":9,"20":6,"21":3,"22":1,"23":39,"24":39,"25":96,"26":1,"27":1,"28":95,"29":39,"30":1,"31":2,"32":9,"33":6,"34":1,"35":1,"36":4,"37":2,"38":1,"39":35,"40":83,"41":1,"42":3,"43":10,"44":1,"45":2,"46":1,"47":1,"48":3,"49":1,"50":1,"51":1,"52":1,"53":3,"54":1,"55":0,"56":1,"57":32,"58":32,"59":6,"60":6,"61":15,"62":6,"63":26,"64":6,"65":6,"66":12,"67":6,"68":20,"69":1,"70":92,"71":17,"72":75,"73":20,"74":55,"75":55,"76":1,"77":17,"78":2,"79":15,"80":39,"81":1,"82":20,"83":2,"84":18,"85":35,"86":1,"87":2,"88":2,"89":4,"90":2,"91":4,"92":8,"93":2,"94":1,"95":1,"96":1,"97":2,"98":1,"99":3,"100":3,"101":5,"102":4,"103":1,"104":2,"105":3,"106":1,"107":1,"108":2,"109":1,"110":1,"111":1,"112":1,"113":1,"114":3,"115":2,"116":1,"117":1,"118":1,"119":4,"120":4,"121":7,"122":3,"123":4,"124":4,"125":1,"126":1,"127":0,"128":1,"129":1,"130":5,"131":5,"132":1,"133":1,"134":2,"135":2,"136":3,"137":3,"138":0,"139":3,"140":3,"141":1,"142":3,"143":2,"144":2,"145":1,"146":1,"147":1,"148":4,"149":4,"150":0,"151":4,"152":4,"153":2,"154":2,"155":1,"156":2,"157":1,"158":4,"159":1,"160":15,"161":1,"162":162,"163":1,"164":1},"b":{"1":[40,34],"2":[34,0],"3":[6,3],"4":[1,95],"5":[6,3],"6":[2,2],"7":[83,81],"8":[10,5],"9":[1,1],"10":[1,0],"11":[6,26],"12":[6,20],"13":[17,75],"14":[92,17],"15":[20,55],"16":[75,20],"17":[55,0],"18":[2,15],"19":[2,18],"20":[4,1],"21":[2,1],"22":[3,4],"23":[0,1],"24":[1,2],"25":[2,2]},"f":{"1":1,"2":1,"3":74,"4":40,"5":34,"6":3,"7":9,"8":39,"9":96,"10":2,"11":9,"12":1,"13":4,"14":35,"15":83,"16":3,"17":10,"18":2,"19":3,"20":3,"21":32,"22":15,"23":12,"24":92,"25":17,"26":39,"27":20,"28":35,"29":2,"30":4,"31":8,"32":1,"33":3,"34":5,"35":2,"36":2,"37":1,"38":3,"39":4,"40":7,"41":1,"42":2,"43":3,"44":2,"45":1,"46":4,"47":1,"48":4,"49":15,"50":162},"fnMap":{"1":{"name":"(anonymous_1)","line":2,"loc":{"start":{"line":2,"column":17},"end":{"line":2,"column":29}}},"2":{"name":"Underdash","line":3,"loc":{"start":{"line":3,"column":4},"end":{"line":3,"column":25}}},"3":{"name":"(anonymous_3)","line":12,"loc":{"start":{"line":12,"column":31},"end":{"line":12,"column":57}}},"4":{"name":"(anonymous_4)","line":20,"loc":{"start":{"line":20,"column":39},"end":{"line":20,"column":60}}},"5":{"name":"(anonymous_5)","line":26,"loc":{"start":{"line":26,"column":40},"end":{"line":26,"column":62}}},"6":{"name":"(anonymous_6)","line":32,"loc":{"start":{"line":32,"column":30},"end":{"line":32,"column":56}}},"7":{"name":"(anonymous_7)","line":34,"loc":{"start":{"line":34,"column":35},"end":{"line":34,"column":69}}},"8":{"name":"(anonymous_8)","line":41,"loc":{"start":{"line":41,"column":33},"end":{"line":41,"column":64}}},"9":{"name":"(anonymous_9)","line":43,"loc":{"start":{"line":43,"column":35},"end":{"line":43,"column":69}}},"10":{"name":"(anonymous_10)","line":54,"loc":{"start":{"line":54,"column":33},"end":{"line":54,"column":59}}},"11":{"name":"(anonymous_11)","line":55,"loc":{"start":{"line":55,"column":41},"end":{"line":55,"column":75}}},"12":{"name":"(anonymous_12)","line":61,"loc":{"start":{"line":61,"column":33},"end":{"line":61,"column":59}}},"13":{"name":"(anonymous_13)","line":62,"loc":{"start":{"line":62,"column":44},"end":{"line":62,"column":78}}},"14":{"name":"(anonymous_14)","line":68,"loc":{"start":{"line":68,"column":32},"end":{"line":68,"column":58}}},"15":{"name":"(anonymous_15)","line":69,"loc":{"start":{"line":69,"column":44},"end":{"line":69,"column":83}}},"16":{"name":"(anonymous_16)","line":73,"loc":{"start":{"line":73,"column":31},"end":{"line":73,"column":57}}},"17":{"name":"(anonymous_17)","line":74,"loc":{"start":{"line":74,"column":44},"end":{"line":74,"column":83}}},"18":{"name":"(anonymous_18)","line":79,"loc":{"start":{"line":79,"column":32},"end":{"line":79,"column":49}}},"19":{"name":"(anonymous_19)","line":82,"loc":{"start":{"line":82,"column":34},"end":{"line":82,"column":56}}},"20":{"name":"(anonymous_20)","line":89,"loc":{"start":{"line":89,"column":34},"end":{"line":89,"column":56}}},"21":{"name":"(anonymous_21)","line":97,"loc":{"start":{"line":97,"column":36},"end":{"line":97,"column":53}}},"22":{"name":"(anonymous_22)","line":101,"loc":{"start":{"line":101,"column":34},"end":{"line":101,"column":56}}},"23":{"name":"(anonymous_23)","line":108,"loc":{"start":{"line":108,"column":34},"end":{"line":108,"column":56}}},"24":{"name":"(anonymous_24)","line":115,"loc":{"start":{"line":115,"column":34},"end":{"line":115,"column":60}}},"25":{"name":"(anonymous_25)","line":126,"loc":{"start":{"line":126,"column":39},"end":{"line":126,"column":65}}},"26":{"name":"(anonymous_26)","line":130,"loc":{"start":{"line":130,"column":39},"end":{"line":130,"column":63}}},"27":{"name":"(anonymous_27)","line":134,"loc":{"start":{"line":134,"column":40},"end":{"line":134,"column":62}}},"28":{"name":"(anonymous_28)","line":138,"loc":{"start":{"line":138,"column":37},"end":{"line":138,"column":59}}},"29":{"name":"(anonymous_29)","line":146,"loc":{"start":{"line":146,"column":33},"end":{"line":146,"column":56}}},"30":{"name":"(anonymous_30)","line":151,"loc":{"start":{"line":151,"column":32},"end":{"line":151,"column":50}}},"31":{"name":"(anonymous_31)","line":152,"loc":{"start":{"line":152,"column":35},"end":{"line":152,"column":57}}},"32":{"name":"(anonymous_32)","line":159,"loc":{"start":{"line":159,"column":32},"end":{"line":159,"column":55}}},"33":{"name":"(anonymous_33)","line":164,"loc":{"start":{"line":164,"column":28},"end":{"line":164,"column":46}}},"34":{"name":"(anonymous_34)","line":166,"loc":{"start":{"line":166,"column":35},"end":{"line":166,"column":68}}},"35":{"name":"(anonymous_35)","line":171,"loc":{"start":{"line":171,"column":68},"end":{"line":171,"column":90}}},"36":{"name":"(anonymous_36)","line":179,"loc":{"start":{"line":179,"column":32},"end":{"line":179,"column":50}}},"37":{"name":"(anonymous_37)","line":191,"loc":{"start":{"line":191,"column":34},"end":{"line":191,"column":51}}},"38":{"name":"(anonymous_38)","line":193,"loc":{"start":{"line":193,"column":30},"end":{"line":193,"column":47}}},"39":{"name":"(anonymous_39)","line":206,"loc":{"start":{"line":206,"column":38},"end":{"line":206,"column":55}}},"40":{"name":"(anonymous_40)","line":208,"loc":{"start":{"line":208,"column":30},"end":{"line":208,"column":47}}},"41":{"name":"(anonymous_41)","line":222,"loc":{"start":{"line":222,"column":32},"end":{"line":222,"column":60}}},"42":{"name":"(anonymous_42)","line":231,"loc":{"start":{"line":231,"column":35},"end":{"line":231,"column":59}}},"43":{"name":"(anonymous_43)","line":233,"loc":{"start":{"line":233,"column":15},"end":{"line":233,"column":27}}},"44":{"name":"(anonymous_44)","line":242,"loc":{"start":{"line":242,"column":33},"end":{"line":242,"column":45}}},"45":{"name":"(anonymous_45)","line":248,"loc":{"start":{"line":248,"column":35},"end":{"line":248,"column":59}}},"46":{"name":"(anonymous_46)","line":250,"loc":{"start":{"line":250,"column":15},"end":{"line":250,"column":27}}},"47":{"name":"(anonymous_47)","line":258,"loc":{"start":{"line":258,"column":27},"end":{"line":258,"column":39}}},"48":{"name":"(anonymous_48)","line":274,"loc":{"start":{"line":274,"column":37},"end":{"line":274,"column":54}}},"49":{"name":"(anonymous_49)","line":281,"loc":{"start":{"line":281,"column":32},"end":{"line":281,"column":49}}},"50":{"name":"(anonymous_50)","line":285,"loc":{"start":{"line":285,"column":35},"end":{"line":285,"column":52}}}},"statementMap":{"1":{"start":{"line":2,"column":0},"end":{"line":289,"column":5}},"2":{"start":{"line":3,"column":4},"end":{"line":4,"column":5}},"3":{"start":{"line":12,"column":4},"end":{"line":19,"column":6}},"4":{"start":{"line":13,"column":8},"end":{"line":15,"column":9}},"5":{"start":{"line":14,"column":12},"end":{"line":14,"column":58}},"6":{"start":{"line":16,"column":8},"end":{"line":18,"column":9}},"7":{"start":{"line":17,"column":12},"end":{"line":17,"column":59}},"8":{"start":{"line":20,"column":4},"end":{"line":25,"column":6}},"9":{"start":{"line":21,"column":8},"end":{"line":23,"column":9}},"10":{"start":{"line":22,"column":12},"end":{"line":22,"column":35}},"11":{"start":{"line":24,"column":8},"end":{"line":24,"column":21}},"12":{"start":{"line":26,"column":4},"end":{"line":31,"column":6}},"13":{"start":{"line":27,"column":8},"end":{"line":29,"column":9}},"14":{"start":{"line":28,"column":12},"end":{"line":28,"column":41}},"15":{"start":{"line":30,"column":8},"end":{"line":30,"column":22}},"16":{"start":{"line":32,"column":4},"end":{"line":40,"column":6}},"17":{"start":{"line":33,"column":8},"end":{"line":33,"column":24}},"18":{"start":{"line":34,"column":8},"end":{"line":38,"column":11}},"19":{"start":{"line":35,"column":12},"end":{"line":37,"column":13}},"20":{"start":{"line":36,"column":16},"end":{"line":36,"column":56}},"21":{"start":{"line":39,"column":8},"end":{"line":39,"column":22}},"22":{"start":{"line":41,"column":4},"end":{"line":53,"column":6}},"23":{"start":{"line":42,"column":8},"end":{"line":42,"column":55}},"24":{"start":{"line":43,"column":8},"end":{"line":51,"column":11}},"25":{"start":{"line":44,"column":12},"end":{"line":50,"column":13}},"26":{"start":{"line":45,"column":16},"end":{"line":45,"column":35}},"27":{"start":{"line":46,"column":16},"end":{"line":46,"column":28}},"28":{"start":{"line":49,"column":16},"end":{"line":49,"column":54}},"29":{"start":{"line":52,"column":8},"end":{"line":52,"column":19}},"30":{"start":{"line":54,"column":4},"end":{"line":60,"column":6}},"31":{"start":{"line":55,"column":8},"end":{"line":59,"column":11}},"32":{"start":{"line":56,"column":12},"end":{"line":58,"column":13}},"33":{"start":{"line":57,"column":16},"end":{"line":57,"column":29}},"34":{"start":{"line":61,"column":4},"end":{"line":67,"column":6}},"35":{"start":{"line":62,"column":8},"end":{"line":66,"column":11}},"36":{"start":{"line":63,"column":12},"end":{"line":65,"column":13}},"37":{"start":{"line":64,"column":16},"end":{"line":64,"column":29}},"38":{"start":{"line":68,"column":4},"end":{"line":72,"column":6}},"39":{"start":{"line":69,"column":8},"end":{"line":71,"column":17}},"40":{"start":{"line":70,"column":12},"end":{"line":70,"column":62}},"41":{"start":{"line":73,"column":4},"end":{"line":77,"column":6}},"42":{"start":{"line":74,"column":8},"end":{"line":76,"column":18}},"43":{"start":{"line":75,"column":12},"end":{"line":75,"column":62}},"44":{"start":{"line":79,"column":4},"end":{"line":95,"column":6}},"45":{"start":{"line":80,"column":8},"end":{"line":86,"column":9}},"46":{"start":{"line":81,"column":12},"end":{"line":81,"column":29}},"47":{"start":{"line":82,"column":12},"end":{"line":84,"column":15}},"48":{"start":{"line":83,"column":16},"end":{"line":83,"column":37}},"49":{"start":{"line":85,"column":12},"end":{"line":85,"column":27}},"50":{"start":{"line":87,"column":8},"end":{"line":93,"column":9}},"51":{"start":{"line":88,"column":12},"end":{"line":88,"column":29}},"52":{"start":{"line":89,"column":12},"end":{"line":91,"column":15}},"53":{"start":{"line":90,"column":16},"end":{"line":90,"column":37}},"54":{"start":{"line":92,"column":12},"end":{"line":92,"column":27}},"55":{"start":{"line":94,"column":8},"end":{"line":94,"column":21}},"56":{"start":{"line":97,"column":4},"end":{"line":114,"column":6}},"57":{"start":{"line":98,"column":8},"end":{"line":98,"column":25}},"58":{"start":{"line":99,"column":8},"end":{"line":105,"column":9}},"59":{"start":{"line":100,"column":12},"end":{"line":100,"column":29}},"60":{"start":{"line":101,"column":12},"end":{"line":103,"column":15}},"61":{"start":{"line":102,"column":16},"end":{"line":102,"column":54}},"62":{"start":{"line":104,"column":12},"end":{"line":104,"column":27}},"63":{"start":{"line":106,"column":8},"end":{"line":112,"column":9}},"64":{"start":{"line":107,"column":12},"end":{"line":107,"column":29}},"65":{"start":{"line":108,"column":12},"end":{"line":110,"column":15}},"66":{"start":{"line":109,"column":16},"end":{"line":109,"column":54}},"67":{"start":{"line":111,"column":12},"end":{"line":111,"column":27}},"68":{"start":{"line":113,"column":8},"end":{"line":113,"column":21}},"69":{"start":{"line":115,"column":4},"end":{"line":125,"column":6}},"70":{"start":{"line":116,"column":8},"end":{"line":118,"column":9}},"71":{"start":{"line":117,"column":12},"end":{"line":117,"column":58}},"72":{"start":{"line":119,"column":8},"end":{"line":121,"column":9}},"73":{"start":{"line":120,"column":12},"end":{"line":120,"column":59}},"74":{"start":{"line":122,"column":8},"end":{"line":124,"column":9}},"75":{"start":{"line":123,"column":12},"end":{"line":123,"column":39}},"76":{"start":{"line":126,"column":4},"end":{"line":133,"column":6}},"77":{"start":{"line":127,"column":8},"end":{"line":129,"column":9}},"78":{"start":{"line":128,"column":12},"end":{"line":128,"column":25}},"79":{"start":{"line":130,"column":8},"end":{"line":132,"column":11}},"80":{"start":{"line":131,"column":12},"end":{"line":131,"column":59}},"81":{"start":{"line":134,"column":4},"end":{"line":141,"column":6}},"82":{"start":{"line":135,"column":8},"end":{"line":137,"column":9}},"83":{"start":{"line":136,"column":12},"end":{"line":136,"column":25}},"84":{"start":{"line":138,"column":8},"end":{"line":140,"column":11}},"85":{"start":{"line":139,"column":12},"end":{"line":139,"column":55}},"86":{"start":{"line":146,"column":4},"end":{"line":157,"column":6}},"87":{"start":{"line":147,"column":8},"end":{"line":147,"column":25}},"88":{"start":{"line":148,"column":8},"end":{"line":150,"column":9}},"89":{"start":{"line":149,"column":12},"end":{"line":149,"column":44}},"90":{"start":{"line":151,"column":8},"end":{"line":155,"column":11}},"91":{"start":{"line":152,"column":12},"end":{"line":154,"column":15}},"92":{"start":{"line":153,"column":16},"end":{"line":153,"column":41}},"93":{"start":{"line":156,"column":8},"end":{"line":156,"column":27}},"94":{"start":{"line":159,"column":4},"end":{"line":184,"column":6}},"95":{"start":{"line":160,"column":8},"end":{"line":160,"column":25}},"96":{"start":{"line":161,"column":8},"end":{"line":163,"column":9}},"97":{"start":{"line":162,"column":12},"end":{"line":162,"column":44}},"98":{"start":{"line":164,"column":8},"end":{"line":177,"column":10}},"99":{"start":{"line":165,"column":12},"end":{"line":165,"column":28}},"100":{"start":{"line":166,"column":12},"end":{"line":175,"column":15}},"101":{"start":{"line":167,"column":16},"end":{"line":174,"column":17}},"102":{"start":{"line":168,"column":20},"end":{"line":168,"column":58}},"103":{"start":{"line":171,"column":20},"end":{"line":173,"column":23}},"104":{"start":{"line":172,"column":24},"end":{"line":172,"column":51}},"105":{"start":{"line":176,"column":12},"end":{"line":176,"column":26}},"106":{"start":{"line":178,"column":8},"end":{"line":178,"column":34}},"107":{"start":{"line":179,"column":8},"end":{"line":181,"column":11}},"108":{"start":{"line":180,"column":12},"end":{"line":180,"column":57}},"109":{"start":{"line":182,"column":8},"end":{"line":182,"column":82}},"110":{"start":{"line":183,"column":8},"end":{"line":183,"column":27}},"111":{"start":{"line":191,"column":4},"end":{"line":202,"column":6}},"112":{"start":{"line":192,"column":8},"end":{"line":192,"column":24}},"113":{"start":{"line":193,"column":8},"end":{"line":200,"column":11}},"114":{"start":{"line":194,"column":12},"end":{"line":199,"column":13}},"115":{"start":{"line":195,"column":16},"end":{"line":195,"column":46}},"116":{"start":{"line":198,"column":16},"end":{"line":198,"column":42}},"117":{"start":{"line":201,"column":8},"end":{"line":201,"column":22}},"118":{"start":{"line":206,"column":4},"end":{"line":217,"column":6}},"119":{"start":{"line":207,"column":8},"end":{"line":207,"column":24}},"120":{"start":{"line":208,"column":8},"end":{"line":215,"column":11}},"121":{"start":{"line":209,"column":12},"end":{"line":214,"column":13}},"122":{"start":{"line":210,"column":16},"end":{"line":210,"column":69}},"123":{"start":{"line":213,"column":16},"end":{"line":213,"column":35}},"124":{"start":{"line":216,"column":8},"end":{"line":216,"column":22}},"125":{"start":{"line":222,"column":4},"end":{"line":230,"column":6}},"126":{"start":{"line":223,"column":8},"end":{"line":223,"column":42}},"127":{"start":{"line":223,"column":31},"end":{"line":223,"column":40}},"128":{"start":{"line":224,"column":8},"end":{"line":224,"column":24}},"129":{"start":{"line":225,"column":8},"end":{"line":228,"column":9}},"130":{"start":{"line":226,"column":12},"end":{"line":226,"column":31}},"131":{"start":{"line":227,"column":12},"end":{"line":227,"column":26}},"132":{"start":{"line":229,"column":8},"end":{"line":229,"column":22}},"133":{"start":{"line":231,"column":4},"end":{"line":247,"column":6}},"134":{"start":{"line":232,"column":8},"end":{"line":232,"column":20}},"135":{"start":{"line":233,"column":8},"end":{"line":246,"column":10}},"136":{"start":{"line":234,"column":12},"end":{"line":234,"column":26}},"137":{"start":{"line":235,"column":12},"end":{"line":237,"column":13}},"138":{"start":{"line":236,"column":16},"end":{"line":236,"column":45}},"139":{"start":{"line":238,"column":12},"end":{"line":238,"column":31}},"140":{"start":{"line":239,"column":12},"end":{"line":241,"column":13}},"141":{"start":{"line":240,"column":16},"end":{"line":240,"column":38}},"142":{"start":{"line":242,"column":12},"end":{"line":245,"column":25}},"143":{"start":{"line":243,"column":16},"end":{"line":243,"column":31}},"144":{"start":{"line":244,"column":16},"end":{"line":244,"column":40}},"145":{"start":{"line":248,"column":4},"end":{"line":264,"column":6}},"146":{"start":{"line":249,"column":8},"end":{"line":249,"column":30}},"147":{"start":{"line":250,"column":8},"end":{"line":263,"column":10}},"148":{"start":{"line":251,"column":12},"end":{"line":251,"column":26}},"149":{"start":{"line":252,"column":12},"end":{"line":254,"column":13}},"150":{"start":{"line":253,"column":16},"end":{"line":253,"column":45}},"151":{"start":{"line":255,"column":12},"end":{"line":255,"column":31}},"152":{"start":{"line":256,"column":12},"end":{"line":262,"column":13}},"153":{"start":{"line":257,"column":16},"end":{"line":257,"column":33}},"154":{"start":{"line":258,"column":16},"end":{"line":260,"column":29}},"155":{"start":{"line":259,"column":20},"end":{"line":259,"column":38}},"156":{"start":{"line":261,"column":16},"end":{"line":261,"column":40}},"157":{"start":{"line":274,"column":4},"end":{"line":276,"column":6}},"158":{"start":{"line":275,"column":8},"end":{"line":275,"column":45}},"159":{"start":{"line":281,"column":4},"end":{"line":284,"column":6}},"160":{"start":{"line":283,"column":8},"end":{"line":283,"column":31}},"161":{"start":{"line":285,"column":4},"end":{"line":287,"column":6}},"162":{"start":{"line":286,"column":8},"end":{"line":286,"column":56}},"163":{"start":{"line":288,"column":4},"end":{"line":288,"column":21}},"164":{"start":{"line":290,"column":0},"end":{"line":290,"column":26}}},"branchMap":{"1":{"line":13,"type":"if","locations":[{"start":{"line":13,"column":8},"end":{"line":13,"column":8}},{"start":{"line":13,"column":8},"end":{"line":13,"column":8}}]},"2":{"line":16,"type":"if","locations":[{"start":{"line":16,"column":8},"end":{"line":16,"column":8}},{"start":{"line":16,"column":8},"end":{"line":16,"column":8}}]},"3":{"line":35,"type":"if","locations":[{"start":{"line":35,"column":12},"end":{"line":35,"column":12}},{"start":{"line":35,"column":12},"end":{"line":35,"column":12}}]},"4":{"line":44,"type":"if","locations":[{"start":{"line":44,"column":12},"end":{"line":44,"column":12}},{"start":{"line":44,"column":12},"end":{"line":44,"column":12}}]},"5":{"line":56,"type":"if","locations":[{"start":{"line":56,"column":12},"end":{"line":56,"column":12}},{"start":{"line":56,"column":12},"end":{"line":56,"column":12}}]},"6":{"line":63,"type":"if","locations":[{"start":{"line":63,"column":12},"end":{"line":63,"column":12}},{"start":{"line":63,"column":12},"end":{"line":63,"column":12}}]},"7":{"line":70,"type":"binary-expr","locations":[{"start":{"line":70,"column":19},"end":{"line":70,"column":22}},{"start":{"line":70,"column":26},"end":{"line":70,"column":61}}]},"8":{"line":75,"type":"binary-expr","locations":[{"start":{"line":75,"column":19},"end":{"line":75,"column":22}},{"start":{"line":75,"column":26},"end":{"line":75,"column":61}}]},"9":{"line":80,"type":"if","locations":[{"start":{"line":80,"column":8},"end":{"line":80,"column":8}},{"start":{"line":80,"column":8},"end":{"line":80,"column":8}}]},"10":{"line":87,"type":"if","locations":[{"start":{"line":87,"column":8},"end":{"line":87,"column":8}},{"start":{"line":87,"column":8},"end":{"line":87,"column":8}}]},"11":{"line":99,"type":"if","locations":[{"start":{"line":99,"column":8},"end":{"line":99,"column":8}},{"start":{"line":99,"column":8},"end":{"line":99,"column":8}}]},"12":{"line":106,"type":"if","locations":[{"start":{"line":106,"column":8},"end":{"line":106,"column":8}},{"start":{"line":106,"column":8},"end":{"line":106,"column":8}}]},"13":{"line":116,"type":"if","locations":[{"start":{"line":116,"column":8},"end":{"line":116,"column":8}},{"start":{"line":116,"column":8},"end":{"line":116,"column":8}}]},"14":{"line":116,"type":"binary-expr","locations":[{"start":{"line":116,"column":12},"end":{"line":116,"column":33}},{"start":{"line":116,"column":37},"end":{"line":116,"column":58}}]},"15":{"line":119,"type":"if","locations":[{"start":{"line":119,"column":8},"end":{"line":119,"column":8}},{"start":{"line":119,"column":8},"end":{"line":119,"column":8}}]},"16":{"line":119,"type":"binary-expr","locations":[{"start":{"line":119,"column":12},"end":{"line":119,"column":38}},{"start":{"line":119,"column":42},"end":{"line":119,"column":68}}]},"17":{"line":122,"type":"if","locations":[{"start":{"line":122,"column":8},"end":{"line":122,"column":8}},{"start":{"line":122,"column":8},"end":{"line":122,"column":8}}]},"18":{"line":127,"type":"if","locations":[{"start":{"line":127,"column":8},"end":{"line":127,"column":8}},{"start":{"line":127,"column":8},"end":{"line":127,"column":8}}]},"19":{"line":135,"type":"if","locations":[{"start":{"line":135,"column":8},"end":{"line":135,"column":8}},{"start":{"line":135,"column":8},"end":{"line":135,"column":8}}]},"20":{"line":167,"type":"if","locations":[{"start":{"line":167,"column":16},"end":{"line":167,"column":16}},{"start":{"line":167,"column":16},"end":{"line":167,"column":16}}]},"21":{"line":194,"type":"if","locations":[{"start":{"line":194,"column":12},"end":{"line":194,"column":12}},{"start":{"line":194,"column":12},"end":{"line":194,"column":12}}]},"22":{"line":209,"type":"if","locations":[{"start":{"line":209,"column":12},"end":{"line":209,"column":12}},{"start":{"line":209,"column":12},"end":{"line":209,"column":12}}]},"23":{"line":223,"type":"if","locations":[{"start":{"line":223,"column":8},"end":{"line":223,"column":8}},{"start":{"line":223,"column":8},"end":{"line":223,"column":8}}]},"24":{"line":239,"type":"if","locations":[{"start":{"line":239,"column":12},"end":{"line":239,"column":12}},{"start":{"line":239,"column":12},"end":{"line":239,"column":12}}]},"25":{"line":256,"type":"if","locations":[{"start":{"line":256,"column":12},"end":{"line":256,"column":12}},{"start":{"line":256,"column":12},"end":{"line":256,"column":12}}]}}}}