TN:
SF:/Users/willchen/prep/underdash/underdash.js
FN:2,(anonymous_1)
FN:3,Underdash
FN:12,(anonymous_3)
FN:20,(anonymous_4)
FN:26,(anonymous_5)
FN:32,(anonymous_6)
FN:34,(anonymous_7)
FN:41,(anonymous_8)
FN:43,(anonymous_9)
FN:54,(anonymous_10)
FN:55,(anonymous_11)
FN:61,(anonymous_12)
FN:62,(anonymous_13)
FN:68,(anonymous_14)
FN:69,(anonymous_15)
FN:73,(anonymous_16)
FN:74,(anonymous_17)
FN:79,(anonymous_18)
FN:82,(anonymous_19)
FN:89,(anonymous_20)
FN:97,(anonymous_21)
FN:101,(anonymous_22)
FN:108,(anonymous_23)
FN:115,(anonymous_24)
FN:126,(anonymous_25)
FN:130,(anonymous_26)
FN:134,(anonymous_27)
FN:138,(anonymous_28)
FN:146,(anonymous_29)
FN:151,(anonymous_30)
FN:152,(anonymous_31)
FN:159,(anonymous_32)
FN:164,(anonymous_33)
FN:166,(anonymous_34)
FN:171,(anonymous_35)
FN:179,(anonymous_36)
FN:191,(anonymous_37)
FN:193,(anonymous_38)
FN:206,(anonymous_39)
FN:208,(anonymous_40)
FN:222,(anonymous_41)
FN:231,(anonymous_42)
FN:233,(anonymous_43)
FN:242,(anonymous_44)
FN:248,(anonymous_45)
FN:250,(anonymous_46)
FN:258,(anonymous_47)
FN:274,(anonymous_48)
FN:281,(anonymous_49)
FN:285,(anonymous_50)
FNF:50
FNH:50
FNDA:1,(anonymous_1)
FNDA:1,Underdash
FNDA:74,(anonymous_3)
FNDA:40,(anonymous_4)
FNDA:34,(anonymous_5)
FNDA:3,(anonymous_6)
FNDA:9,(anonymous_7)
FNDA:39,(anonymous_8)
FNDA:96,(anonymous_9)
FNDA:2,(anonymous_10)
FNDA:9,(anonymous_11)
FNDA:1,(anonymous_12)
FNDA:4,(anonymous_13)
FNDA:35,(anonymous_14)
FNDA:83,(anonymous_15)
FNDA:3,(anonymous_16)
FNDA:10,(anonymous_17)
FNDA:2,(anonymous_18)
FNDA:3,(anonymous_19)
FNDA:3,(anonymous_20)
FNDA:32,(anonymous_21)
FNDA:15,(anonymous_22)
FNDA:12,(anonymous_23)
FNDA:92,(anonymous_24)
FNDA:17,(anonymous_25)
FNDA:39,(anonymous_26)
FNDA:20,(anonymous_27)
FNDA:35,(anonymous_28)
FNDA:2,(anonymous_29)
FNDA:4,(anonymous_30)
FNDA:8,(anonymous_31)
FNDA:1,(anonymous_32)
FNDA:3,(anonymous_33)
FNDA:5,(anonymous_34)
FNDA:2,(anonymous_35)
FNDA:2,(anonymous_36)
FNDA:1,(anonymous_37)
FNDA:3,(anonymous_38)
FNDA:4,(anonymous_39)
FNDA:7,(anonymous_40)
FNDA:1,(anonymous_41)
FNDA:2,(anonymous_42)
FNDA:3,(anonymous_43)
FNDA:2,(anonymous_44)
FNDA:1,(anonymous_45)
FNDA:4,(anonymous_46)
FNDA:1,(anonymous_47)
FNDA:4,(anonymous_48)
FNDA:15,(anonymous_49)
FNDA:162,(anonymous_50)
DA:2,1
DA:3,1
DA:12,1
DA:13,74
DA:14,40
DA:16,34
DA:17,34
DA:20,1
DA:21,40
DA:22,105
DA:24,40
DA:26,1
DA:27,34
DA:28,70
DA:30,34
DA:32,1
DA:33,3
DA:34,3
DA:35,9
DA:36,6
DA:39,3
DA:41,1
DA:42,39
DA:43,39
DA:44,96
DA:45,1
DA:46,1
DA:49,95
DA:52,39
DA:54,1
DA:55,2
DA:56,9
DA:57,6
DA:61,1
DA:62,1
DA:63,4
DA:64,2
DA:68,1
DA:69,35
DA:70,83
DA:73,1
DA:74,3
DA:75,10
DA:79,1
DA:80,2
DA:81,1
DA:82,1
DA:83,3
DA:85,1
DA:87,1
DA:88,1
DA:89,1
DA:90,3
DA:92,1
DA:94,0
DA:97,1
DA:98,32
DA:99,32
DA:100,6
DA:101,6
DA:102,15
DA:104,6
DA:106,26
DA:107,6
DA:108,6
DA:109,12
DA:111,6
DA:113,20
DA:115,1
DA:116,92
DA:117,17
DA:119,75
DA:120,20
DA:122,55
DA:123,55
DA:126,1
DA:127,17
DA:128,2
DA:130,15
DA:131,39
DA:134,1
DA:135,20
DA:136,2
DA:138,18
DA:139,35
DA:146,1
DA:147,2
DA:148,2
DA:149,4
DA:151,2
DA:152,4
DA:153,8
DA:156,2
DA:159,1
DA:160,1
DA:161,1
DA:162,2
DA:164,1
DA:165,3
DA:166,3
DA:167,5
DA:168,4
DA:171,1
DA:172,2
DA:176,3
DA:178,1
DA:179,1
DA:180,2
DA:182,1
DA:183,1
DA:191,1
DA:192,1
DA:193,1
DA:194,3
DA:195,2
DA:198,1
DA:201,1
DA:206,1
DA:207,4
DA:208,4
DA:209,7
DA:210,3
DA:213,4
DA:216,4
DA:222,1
DA:223,1
DA:224,1
DA:225,1
DA:226,5
DA:227,5
DA:229,1
DA:231,1
DA:232,2
DA:233,2
DA:234,3
DA:235,3
DA:236,0
DA:238,3
DA:239,3
DA:240,1
DA:242,3
DA:243,2
DA:244,2
DA:248,1
DA:249,1
DA:250,1
DA:251,4
DA:252,4
DA:253,0
DA:255,4
DA:256,4
DA:257,2
DA:258,2
DA:259,1
DA:261,2
DA:274,1
DA:275,4
DA:281,1
DA:283,15
DA:285,1
DA:286,162
DA:288,1
DA:290,1
LF:163
LH:160
BRDA:13,1,0,40
BRDA:13,1,1,34
BRDA:16,2,0,34
BRDA:16,2,1,0
BRDA:35,3,0,6
BRDA:35,3,1,3
BRDA:44,4,0,1
BRDA:44,4,1,95
BRDA:56,5,0,6
BRDA:56,5,1,3
BRDA:63,6,0,2
BRDA:63,6,1,2
BRDA:70,7,0,83
BRDA:70,7,1,81
BRDA:75,8,0,10
BRDA:75,8,1,5
BRDA:80,9,0,1
BRDA:80,9,1,1
BRDA:87,10,0,1
BRDA:87,10,1,0
BRDA:99,11,0,6
BRDA:99,11,1,26
BRDA:106,12,0,6
BRDA:106,12,1,20
BRDA:116,13,0,17
BRDA:116,13,1,75
BRDA:116,14,0,92
BRDA:116,14,1,17
BRDA:119,15,0,20
BRDA:119,15,1,55
BRDA:119,16,0,75
BRDA:119,16,1,20
BRDA:122,17,0,55
BRDA:122,17,1,0
BRDA:127,18,0,2
BRDA:127,18,1,15
BRDA:135,19,0,2
BRDA:135,19,1,18
BRDA:167,20,0,4
BRDA:167,20,1,1
BRDA:194,21,0,2
BRDA:194,21,1,1
BRDA:209,22,0,3
BRDA:209,22,1,4
BRDA:223,23,0,0
BRDA:223,23,1,1
BRDA:239,24,0,1
BRDA:239,24,1,2
BRDA:256,25,0,2
BRDA:256,25,1,2
BRF:50
BRH:46
end_of_record
